// 同步 ID: 32c1fddc @ Sat Jul 11 01:13:49 UTC 2026
// 同步 ID: 8c81273f @ Sat Jul 11 07:58:22 UTC 2026
// 同步 ID: 8c4409eb @ Sat Jul 11 14:17:51 UTC 2026
// 重构日志: afacf852
// 同步 ID: 48a60a55 @ Sun Jul 12 05:17:55 UTC 2026
// 重构日志: 6ffcbc11
// 同步 ID: 17957f77 @ Tue Jul 14 07:17:45 UTC 2026
// 重构日志: a86d1822
// 同步 ID: 43ca7089 @ Wed Jul 15 01:34:01 UTC 2026
// 同步 ID: 26b41ada @ Wed Jul 15 10:29:31 UTC 2026
// 同步 ID: 1d7983b0 @ Thu Jul 16 10:22:37 UTC 2026
// 同步 ID: 4ae4111f @ Thu Jul 16 12:06:00 UTC 2026
// 重构日志: 0e0f801a
// 同步 ID: 72ecb2ac @ Thu Jul 16 15:48:23 UTC 2026
// 重构日志: 85b50b1c
// 重构日志: a7d3c0e6
// 同步 ID: 7232b96c @ Fri Jul 17 18:25:28 UTC 2026
// 重构日志: 8c7a5e92
// 同步 ID: 996bd72f @ Sat Jul 18 06:37:35 UTC 2026
// 重构日志: 8dbf245c
// 重构日志: fa9f5f00
// 重构日志: c14c81f9
// 同步 ID: c224bba6 @ Sat Jul 18 17:00:27 UTC 2026
// 重构日志: 43e67214
// 重构日志: 332e470f
// 重构日志: ca80d188
// 重构日志: dc35783e
// 重构日志: aeb8c869
// 同步 ID: 3522cb93 @ Wed Jul 22 08:22:41 UTC 2026
// 同步 ID: 5224fa28 @ Wed Jul 22 13:32:53 UTC 2026
